[19:21:08] [ServerMain/INFO]: Environment: Environment[sessionHost=https://sessionserver.mojang.com, servicesHost=https://api.minecraftservices.com, name=PROD]
[19:21:09] [ServerMain/INFO]: Loaded 1290 recipes
[19:21:09] [ServerMain/INFO]: Loaded 1399 advancements
[19:21:10] [Server thread/INFO]: Starting minecraft server version 1.21
[19:21:10] [Server thread/INFO]: Loading properties
[19:21:10] [Server thread/INFO]: Default game type: SURVIVAL
[19:21:10] [Server thread/INFO]: Generating keypair
[19:21:10] [Server thread/INFO]: Starting Minecraft server on 26.136.166.19:25565
[19:21:10] [Server thread/INFO]: Using default channel type
[19:21:10] [Server thread/WARN]: **** SERVER IS RUNNING IN OFFLINE/INSECURE MODE!
[19:21:10] [Server thread/WARN]: The server will make no attempt to authenticate usernames. Beware.
[19:21:10] [Server thread/WARN]: While this makes the game possible to play without internet access, it also opens up the ability for hackers to connect with any username they choose.
[19:21:10] [Server thread/WARN]: To change this, set "online-mode" to "true" in the server.properties file.
[19:21:10] [Server thread/INFO]: Preparing level "GaTo"
[19:21:10] [Server thread/INFO]: Preparing start region for dimension minecraft:overworld
[19:21:11] [Worker-Main-1/INFO]: Preparing spawn area: 0%
[19:21:11] [Server thread/INFO]: Time elapsed: 408 ms
[19:21:11] [Server thread/INFO]: Done (0.856s)! For help, type "help"
[19:43:18] [Server thread/INFO]: Lu[/26.136.166.19:50161] logged in with entity id 92 at (79.07753142769647, 63.0, 3.3534982894762138)
[19:43:18] [Server thread/INFO]: Lu joined the game
[20:07:31] [Server thread/INFO]: Lu lost connection: Disconnected
[20:07:31] [Server thread/INFO]: Lu left the game
[20:07:47] [Server thread/INFO]: Lu[/26.136.166.19:50225] logged in with entity id 6266 at (7.484777174161091, 65.0, -11.199733753679638)
[20:07:47] [Server thread/INFO]: Lu joined the game
[20:36:28] [Server thread/INFO]: [Not Secure] <Lu> -119, -216
[20:45:30] [Server thread/INFO]: Lu lost connection: Disconnected
[20:45:30] [Server thread/INFO]: Lu left the game
[21:05:04] [Server thread/INFO]: Lu[/26.136.166.19:50440] logged in with entity id 12939 at (33.07235939563657, 70.875, -27.56099592554691)
[21:05:04] [Server thread/INFO]: Lu joined the game
[21:38:21] [Server thread/INFO]: [Not Secure] <Lu> jungle 93 195
[21:41:59] [Server thread/WARN]: Can't keep up! Is the server overloaded? Running 2587ms or 51 ticks behind
[21:50:54] [Server thread/INFO]: [Not Secure] <Lu> -88 185 jungle
[21:53:34] [Server thread/WARN]: Can't keep up! Is the server overloaded? Running 3117ms or 62 ticks behind
[22:10:31] [Server thread/INFO]: Lu lost connection: Disconnected
[22:10:31] [Server thread/INFO]: Lu left the game
